<?xml version="1.0" encoding="UTF-8"?>
<!-- Generated by org.testng.reporters.JUnitReportReporter -->
<testsuite hostname="Scaletech-GS" failures="0" tests="2" name="Think.ihk_test.displayBannerTemplateList" time="5.575" errors="0" timestamp="2023-12-12T18:18:56 IST" skipped="0">
  <testcase classname="Think.ihk_test.displayBannerTemplateList" name="navigateDisplayBannerModule" time="5.312"/>
  <system-out/>
  <testcase classname="Think.ihk_test.displayBannerTemplateList" name="verifyTypOfDisplayBanner" time="0.263"/>
  <system-out/>
</testsuite> <!-- Think.ihk_test.displayBannerTemplateList -->
