<?xml version="1.0" encoding="UTF-8"?>
<!-- Generated by org.testng.reporters.JUnitReportReporter -->
<testsuite hostname="Scaletech-GS" failures="0" tests="3" name="Think.ihk_test.dashboard" time="23.812" errors="0" timestamp="2023-12-12T18:18:56 IST" skipped="1">
  <testcase classname="Think.ihk_test.dashboard" name="motifsNameVisiblefinal" time="2.984"/>
  <system-out/>
  <testcase classname="Think.ihk_test.dashboard" name="motifsImageVisibleFinal" time="6.824"/>
  <system-out/>
  <testcase classname="Think.ihk_test.dashboard" name="motifsImageVisibleFinal" time="14.004">
    <skipped/>
  </testcase> <!-- motifsImageVisibleFinal -->
  <system-out/>
</testsuite> <!-- Think.ihk_test.dashboard -->
