<?xml version="1.0" encoding="UTF-8"?>
<!-- Generated by org.testng.reporters.JUnitReportReporter -->
<testsuite hostname="Scaletech-GS" failures="0" tests="1" name="Think.ihk_test.displayBannerCreativePreview" time="9.991" errors="0" timestamp="2023-12-12T18:22:09 IST" skipped="0">
  <testcase classname="Think.ihk_test.displayBannerCreativePreview" name="configurationChangeByDropdown" time="9.991"/>
  <system-out/>
</testsuite> <!-- Think.ihk_test.displayBannerCreativePreview -->
