<?xml version="1.0" encoding="UTF-8"?>
<!-- Generated by org.testng.reporters.JUnitReportReporter -->
<testsuite hostname="Scaletech-GS" failures="0" tests="1" name="Think.ihk_test.login" time="8.030" errors="0" timestamp="2023-12-07T14:43:58 IST" skipped="0">
  <testcase classname="Think.ihk_test.login" name="Login" time="8.030"/>
  <system-out/>
</testsuite> <!-- Think.ihk_test.login -->
