<?xml version="1.0" encoding="UTF-8"?>
<!-- Generated by org.testng.reporters.JUnitReportReporter -->
<testsuite hostname="Scaletech-GS" failures="0" tests="1" name="Think.ihk_test.displayBanner" time="11.619" errors="0" timestamp="2023-11-21T18:06:06 IST" skipped="0">
  <testcase classname="Think.ihk_test.displayBanner" name="verifyTypOfDisplayBanner" time="11.619"/>
  <system-out/>
</testsuite> <!-- Think.ihk_test.displayBanner -->
