<?xml version="1.0" encoding="UTF-8"?>
<!-- Generated by org.testng.reporters.JUnitReportReporter -->
<testsuite hostname="Scaletech-GS" failures="0" tests="2" name="Think.ihk_test.login" time="4.249" errors="0" timestamp="2023-12-12T18:18:56 IST" skipped="0">
  <testcase classname="Think.ihk_test.login" name="drawerVisible" time="0.657"/>
  <system-out/>
  <testcase classname="Think.ihk_test.login" name="Login" time="3.592"/>
  <system-out/>
</testsuite> <!-- Think.ihk_test.login -->
