<?xml version="1.0" encoding="UTF-8"?>
<!-- Generated by org.testng.reporters.JUnitReportReporter -->
<testsuite hostname="Scaletech-GS" failures="0" tests="2" name="Think.ihk_test.displayBannerTemplateList" time="7.045" errors="0" timestamp="2023-12-18T19:17:29 IST" skipped="0">
  <testcase classname="Think.ihk_test.displayBannerTemplateList" name="navigateDisplayBannerModule" time="6.791"/>
  <system-out/>
  <testcase classname="Think.ihk_test.displayBannerTemplateList" name="verifyTypOfDisplayBanner" time="0.254"/>
  <system-out/>
</testsuite> <!-- Think.ihk_test.displayBannerTemplateList -->
