<?xml version="1.0" encoding="UTF-8"?>
<!-- Generated by org.testng.reporters.JUnitReportReporter -->
<testsuite hostname="Scaletech-GS" failures="0" tests="2" name="Think.ihk_test.dashboard" time="29.712" errors="0" timestamp="2023-12-07T17:32:57 IST" skipped="0">
  <testcase classname="Think.ihk_test.dashboard" name="motifsNameVisiblefinal" time="13.703"/>
  <system-out/>
  <testcase classname="Think.ihk_test.dashboard" name="motifsImageVisibleFinal" time="16.009"/>
  <system-out/>
</testsuite> <!-- Think.ihk_test.dashboard -->
