<?xml version="1.0" encoding="UTF-8"?>
<!-- Generated by org.testng.reporters.JUnitReportReporter -->
<testsuite hostname="Scaletech-GS" failures="0" tests="1" name="Think.ihk_test.displayBannerCreativeListing" time="20.121" errors="0" timestamp="2023-12-21T10:35:21 IST" skipped="0">
  <testcase classname="Think.ihk_test.displayBannerCreativeListing" name="duplicateList" time="20.121"/>
  <system-out/>
</testsuite> <!-- Think.ihk_test.displayBannerCreativeListing -->
