<?xml version="1.0" encoding="UTF-8"?>
<!-- Generated by org.testng.reporters.JUnitReportReporter -->
<testsuite hostname="Scaletech-GS" failures="0" tests="2" name="Think.ihk_test.displayBannerTemplateList" time="16.786" errors="0" timestamp="2023-12-01T12:25:22 IST" skipped="0">
  <testcase classname="Think.ihk_test.displayBannerTemplateList" name="verifyTypOfDisplayBanner" time="9.181"/>
  <system-out/>
  <testcase classname="Think.ihk_test.displayBannerTemplateList" name="navigateDisplayBannerModule" time="7.605"/>
  <system-out/>
</testsuite> <!-- Think.ihk_test.displayBannerTemplateList -->
