<?xml version="1.0" encoding="UTF-8"?>
<!-- Generated by org.testng.reporters.JUnitReportReporter -->
<testsuite hostname="Scaletech-GS" failures="0" tests="1" name="Think.ihk_test.displayBannerCreativePreview" time="15.681" errors="0" timestamp="2023-12-01T18:35:42 IST" skipped="0">
  <testcase classname="Think.ihk_test.displayBannerCreativePreview" name="configurationChangeByDropdown" time="15.681"/>
  <system-out/>
</testsuite> <!-- Think.ihk_test.displayBannerCreativePreview -->
