<?xml version="1.0" encoding="UTF-8"?>
<!-- Generated by org.testng.reporters.JUnitReportReporter -->
<testsuite hostname="Scaletech-GS" failures="0" tests="2" name="Think.ihk_test.dashboard" time="15.545" errors="0" timestamp="2023-12-18T19:17:29 IST" skipped="0">
  <testcase classname="Think.ihk_test.dashboard" name="motifsNameVisiblefinal" time="2.922"/>
  <system-out/>
  <testcase classname="Think.ihk_test.dashboard" name="motifsImageVisibleFinal" time="12.623"/>
  <system-out/>
</testsuite> <!-- Think.ihk_test.dashboard -->
