<?xml version="1.0" encoding="UTF-8"?>
<!-- Generated by org.testng.reporters.JUnitReportReporter -->
<testsuite hostname="Scaletech-GS" failures="0" tests="9" name="Think.ihk_test.displayBannerCreativePreview" time="185.048" errors="0" timestamp="2023-12-05T16:51:52 IST" skipped="0">
  <testcase classname="Think.ihk_test.displayBannerCreativePreview" name="checkPreview728_90" time="18.607"/>
  <system-out/>
  <testcase classname="Think.ihk_test.displayBannerCreativePreview" name="checkPreview160_600" time="21.930"/>
  <system-out/>
  <testcase classname="Think.ihk_test.displayBannerCreativePreview" name="checkPreview800_250" time="20.048"/>
  <system-out/>
  <testcase classname="Think.ihk_test.displayBannerCreativePreview" name="checkPreview" time="22.645"/>
  <system-out/>
  <testcase classname="Think.ihk_test.displayBannerCreativePreview" name="checkPreviewAfterEdit" time="21.504"/>
  <system-out/>
  <testcase classname="Think.ihk_test.displayBannerCreativePreview" name="checkPreview250_250" time="21.689"/>
  <system-out/>
  <testcase classname="Think.ihk_test.displayBannerCreativePreview" name="checkPreview300_250" time="20.328"/>
  <system-out/>
  <testcase classname="Think.ihk_test.displayBannerCreativePreview" name="checkPreview300_600" time="21.025"/>
  <system-out/>
  <testcase classname="Think.ihk_test.displayBannerCreativePreview" name="configurationChangeByDropdown" time="17.272"/>
  <system-out/>
</testsuite> <!-- Think.ihk_test.displayBannerCreativePreview -->
