<?xml version="1.0" encoding="UTF-8"?>
<!-- Generated by org.testng.reporters.JUnitReportReporter -->
<testsuite hostname="Scaletech-GS" failures="0" tests="9" name="Think.ihk_test.displayBannerCreativeListing" time="63.797" errors="0" timestamp="2024-01-29T18:58:30 IST" skipped="0">
  <testcase classname="Think.ihk_test.displayBannerCreativeListing" name="addNewCampaign" time="17.011"/>
  <system-out/>
  <testcase classname="Think.ihk_test.displayBannerCreativeListing" name="duplicateList" time="10.384"/>
  <system-out/>
  <testcase classname="Think.ihk_test.displayBannerCreativeListing" name="filterRegionCreativeListing" time="2.622"/>
  <system-out/>
  <testcase classname="Think.ihk_test.displayBannerCreativeListing" name="deleteList" time="8.683"/>
  <system-out/>
  <testcase classname="Think.ihk_test.displayBannerCreativeListing" name="compareImageList" time="2.876"/>
  <system-out/>
  <testcase classname="Think.ihk_test.displayBannerCreativeListing" name="compareHeadlineList" time="12.823"/>
  <system-out/>
  <testcase classname="Think.ihk_test.displayBannerCreativeListing" name="navigateToTemplateList" time="2.333"/>
  <system-out/>
  <testcase classname="Think.ihk_test.displayBannerCreativeListing" name="compareSearchCreativeListing" time="4.396"/>
  <system-out/>
  <testcase classname="Think.ihk_test.displayBannerCreativeListing" name="searchCreativeListingMessage" time="2.669"/>
  <system-out/>
</testsuite> <!-- Think.ihk_test.displayBannerCreativeListing -->
