<?xml version="1.0" encoding="UTF-8"?>
<!-- Generated by org.testng.reporters.JUnitReportReporter -->
<testsuite hostname="Scaletech-GS" failures="0" tests="1" name="Think.ihk_test.displayBannerCreativePreview" time="106.207" errors="0" timestamp="2023-12-18T19:19:46 IST" skipped="0">
  <testcase classname="Think.ihk_test.displayBannerCreativePreview" name="checkPreviewOfAds" time="106.207"/>
  <system-out/>
</testsuite> <!-- Think.ihk_test.displayBannerCreativePreview -->
