<?xml version="1.0" encoding="UTF-8"?>
<!-- Generated by org.testng.reporters.JUnitReportReporter -->
<testsuite hostname="Scaletech-GS" failures="0" tests="1" name="Think.ihk_test.test" time="12.171" errors="0" timestamp="2023-11-20T01:16:04 GMT-06:00" skipped="0">
  <testcase classname="Think.ihk_test.test" name="test2" time="12.171"/>
  <system-out/>
</testsuite> <!-- Think.ihk_test.test -->
