<?xml version="1.0" encoding="UTF-8"?>
<!-- Generated by org.testng.reporters.JUnitReportReporter -->
<testsuite hostname="Scaletech-GS" failures="0" tests="2" name="Think.ihk_test.displayBannerCreativePreviewNewONe" time="130.310" errors="0" timestamp="2023-12-18T11:53:51 IST" skipped="1">
  <testcase classname="Think.ihk_test.displayBannerCreativePreviewNewONe" name="checkPreviewOfAds" time="101.161"/>
  <system-out/>
  <testcase classname="Think.ihk_test.displayBannerCreativePreviewNewONe" name="checkPreviewOfAds" time="29.149">
    <skipped/>
  </testcase> <!-- checkPreviewOfAds -->
  <system-out/>
</testsuite> <!-- Think.ihk_test.displayBannerCreativePreviewNewONe -->
