<?xml version="1.0" encoding="UTF-8"?>
<!-- Generated by org.testng.reporters.JUnitReportReporter -->
<testsuite hostname="Scaletech-GS" failures="0" tests="1" name="Think.ihk_test.displayBannerCreativePreview" time="21.999" errors="0" timestamp="2023-12-07T12:56:56 IST" skipped="0">
  <testcase classname="Think.ihk_test.displayBannerCreativePreview" name="checkPreviewAfterEdit" time="21.999"/>
  <system-out/>
</testsuite> <!-- Think.ihk_test.displayBannerCreativePreview -->
